<?xml version="1.0" encoding="UTF-8"?>
<testng-results skipped="0" failed="1" total="7" passed="6">
  <reporter-output>
  </reporter-output>
  <suite name="Default suite" duration-ms="147502" started-at="2018-07-05T11:45:17Z" finished-at="2018-07-05T11:47:44Z">
    <groups>
    </groups>
    <test name="Default test" duration-ms="147502" started-at="2018-07-05T11:45:17Z" finished-at="2018-07-05T11:47:44Z">
      <class name="com.qait.automation.BingTranslator.NewTest">
        <test-method status="PASS" signature="beforeClass()[pri:0, instance:com.qait.automation.BingTranslator.NewTest@2b98378d]" name="beforeClass" is-config="true" duration-ms="2964" started-at="2018-07-05T17:15:17Z" finished-at="2018-07-05T17:15:20Z">
          <reporter-output>
          </reporter-output>
        </test-method> <!-- beforeClass -->
        <test-method status="PASS" signature="test01Drop_Down()[pri:0, instance:com.qait.automation.BingTranslator.NewTest@2b98378d]" name="test01Drop_Down" duration-ms="3056" started-at="2018-07-05T17:15:20Z" finished-at="2018-07-05T17:15:23Z">
          <reporter-output>
          </reporter-output>
        </test-method> <!-- test01Drop_Down -->
        <test-method status="PASS" signature="test02Language_Selection()[pri:0, instance:com.qait.automation.BingTranslator.NewTest@2b98378d]" name="test02Language_Selection" duration-ms="2120" started-at="2018-07-05T17:15:23Z" finished-at="2018-07-05T17:15:25Z">
          <reporter-output>
          </reporter-output>
        </test-method> <!-- test02Language_Selection -->
        <test-method status="PASS" signature="test03AutoDetectWhenNoLanguageIsSelectedFromDropDown()[pri:0, instance:com.qait.automation.BingTranslator.NewTest@2b98378d]" name="test03AutoDetectWhenNoLanguageIsSelectedFromDropDown" duration-ms="107" started-at="2018-07-05T17:15:25Z" finished-at="2018-07-05T17:15:25Z">
          <reporter-output>
          </reporter-output>
        </test-method> <!-- test03AutoDetectWhenNoLanguageIsSelectedFromDropDown -->
        <test-method status="PASS" signature="test04SelectLanguageFromDropdown()[pri:0, instance:com.qait.automation.BingTranslator.NewTest@2b98378d]" name="test04SelectLanguageFromDropdown" duration-ms="1734" started-at="2018-07-05T17:15:25Z" finished-at="2018-07-05T17:15:27Z">
          <reporter-output>
          </reporter-output>
        </test-method> <!-- test04SelectLanguageFromDropdown -->
        <test-method status="PASS" signature="test05Exchange()[pri:0, instance:com.qait.automation.BingTranslator.NewTest@2b98378d]" name="test05Exchange" duration-ms="1086" started-at="2018-07-05T17:15:27Z" finished-at="2018-07-05T17:15:28Z">
          <reporter-output>
          </reporter-output>
        </test-method> <!-- test05Exchange -->
        <test-method status="PASS" signature="test06close()[pri:0, instance:com.qait.automation.BingTranslator.NewTest@2b98378d]" name="test06close" duration-ms="96" started-at="2018-07-05T17:15:28Z" finished-at="2018-07-05T17:15:28Z">
          <reporter-output>
          </reporter-output>
        </test-method> <!-- test06close -->
        <test-method status="FAIL" signature="test07checkLimit()[pri:0, instance:com.qait.automation.BingTranslator.NewTest@2b98378d]" name="test07checkLimit" duration-ms="136319" started-at="2018-07-05T17:15:28Z" finished-at="2018-07-05T17:17:44Z">
          <exception class="java.lang.AssertionError">
            <message>
              <![CDATA[expected [That’s too much text to translate at once. Try entering less] but found [null]]]>
            </message>
            <full-stacktrace>
              <![CDATA[java.lang.AssertionError: expected [That’s too much text to translate at once. Try entering less] but found [null]
	at org.testng.Assert.fail(Assert.java:94)
	at org.testng.Assert.failNotEquals(Assert.java:494)
	at org.testng.Assert.assertEquals(Assert.java:123)
	at org.testng.Assert.assertEquals(Assert.java:176)
	at org.testng.Assert.assertEquals(Assert.java:186)
	at com.qait.automation.BingTranslator.Bing_Translator.checkLimit(Bing_Translator.java:98)
	at com.qait.automation.BingTranslator.NewTest.test07checkLimit(NewTest.java:83)
	at sun.reflect.NativeMethodAccessorImpl.invoke0(Native Method)
	at sun.reflect.NativeMethodAccessorImpl.invoke(NativeMethodAccessorImpl.java:62)
	at sun.reflect.DelegatingMethodAccessorImpl.invoke(DelegatingMethodAccessorImpl.java:43)
	at java.lang.reflect.Method.invoke(Method.java:498)
	at org.testng.internal.MethodInvocationHelper.invokeMethod(MethodInvocationHelper.java:80)
	at org.testng.internal.Invoker.invokeMethod(Invoker.java:714)
	at org.testng.internal.Invoker.invokeTestMethod(Invoker.java:901)
	at org.testng.internal.Invoker.invokeTestMethods(Invoker.java:1231)
	at org.testng.internal.TestMethodWorker.invokeTestMethods(TestMethodWorker.java:127)
	at org.testng.internal.TestMethodWorker.run(TestMethodWorker.java:111)
	at org.testng.TestRunner.privateRun(TestRunner.java:767)
	at org.testng.TestRunner.run(TestRunner.java:617)
	at org.testng.SuiteRunner.runTest(SuiteRunner.java:334)
	at org.testng.SuiteRunner.runSequentially(SuiteRunner.java:329)
	at org.testng.SuiteRunner.privateRun(SuiteRunner.java:291)
	at org.testng.SuiteRunner.run(SuiteRunner.java:240)
	at org.testng.SuiteRunnerWorker.runSuite(SuiteRunnerWorker.java:52)
	at org.testng.SuiteRunnerWorker.run(SuiteRunnerWorker.java:86)
	at org.testng.TestNG.runSuitesSequentially(TestNG.java:1198)
	at org.testng.TestNG.runSuitesLocally(TestNG.java:1123)
	at org.testng.TestNG.run(TestNG.java:1031)
	at org.testng.remote.AbstractRemoteTestNG.run(AbstractRemoteTestNG.java:114)
	at org.testng.remote.RemoteTestNG.initAndRun(RemoteTestNG.java:251)
	at org.testng.remote.RemoteTestNG.main(RemoteTestNG.java:77)
]]>
            </full-stacktrace>
          </exception> <!-- java.lang.AssertionError -->
          <reporter-output>
          </reporter-output>
        </test-method> <!-- test07checkLimit -->
      </class> <!-- com.qait.automation.BingTranslator.NewTest -->
    </test> <!-- Default test -->
  </suite> <!-- Default suite -->
</testng-results>
