<?xml version="1.0" encoding="UTF-8"?>
<!-- Generated by org.testng.reporters.JUnitReportReporter -->
<testsuite hostname="ASDA0081" name="com.qait.automation.BingTranslator.NewTest" tests="7" failures="0" timestamp="5 Jul 2018 11:47:44 GMT" time="144.518" errors="1">
  <testcase name="test01Drop_Down" time="3.056" classname="com.qait.automation.BingTranslator.NewTest"/>
  <testcase name="test02Language_Selection" time="2.120" classname="com.qait.automation.BingTranslator.NewTest"/>
  <testcase name="test07checkLimit" time="136.319" classname="com.qait.automation.BingTranslator.NewTest">
    <error type="java.lang.AssertionError" message="expected [That’s too much text to translate at once. Try entering less] but found [null]">
      <![CDATA[java.lang.AssertionError: expected [That’s too much text to translate at once. Try entering less] but found [null]
	at org.testng.Assert.fail(Assert.java:94)
	at org.testng.Assert.failNotEquals(Assert.java:494)
	at org.testng.Assert.assertEquals(Assert.java:123)
	at org.testng.Assert.assertEquals(Assert.java:176)
	at org.testng.Assert.assertEquals(Assert.java:186)
	at com.qait.automation.BingTranslator.Bing_Translator.checkLimit(Bing_Translator.java:98)
	at com.qait.automation.BingTranslator.NewTest.test07checkLimit(NewTest.java:83)
	at sun.reflect.NativeMethodAccessorImpl.invoke0(Native Method)
	at sun.reflect.NativeMethodAccessorImpl.invoke(NativeMethodAccessorImpl.java:62)
	at sun.reflect.DelegatingMethodAccessorImpl.invoke(DelegatingMethodAccessorImpl.java:43)
	at java.lang.reflect.Method.invoke(Method.java:498)
	at org.testng.internal.MethodInvocationHelper.invokeMethod(MethodInvocationHelper.java:80)
	at org.testng.internal.Invoker.invokeMethod(Invoker.java:714)
	at org.testng.internal.Invoker.invokeTestMethod(Invoker.java:901)
	at org.testng.internal.Invoker.invokeTestMethods(Invoker.java:1231)
	at org.testng.internal.TestMethodWorker.invokeTestMethods(TestMethodWorker.java:127)
	at org.testng.internal.TestMethodWorker.run(TestMethodWorker.java:111)
	at org.testng.TestRunner.privateRun(TestRunner.java:767)
	at org.testng.TestRunner.run(TestRunner.java:617)
	at org.testng.SuiteRunner.runTest(SuiteRunner.java:334)
	at org.testng.SuiteRunner.runSequentially(SuiteRunner.java:329)
	at org.testng.SuiteRunner.privateRun(SuiteRunner.java:291)
	at org.testng.SuiteRunner.run(SuiteRunner.java:240)
	at org.testng.SuiteRunnerWorker.runSuite(SuiteRunnerWorker.java:52)
	at org.testng.SuiteRunnerWorker.run(SuiteRunnerWorker.java:86)
	at org.testng.TestNG.runSuitesSequentially(TestNG.java:1198)
	at org.testng.TestNG.runSuitesLocally(TestNG.java:1123)
	at org.testng.TestNG.run(TestNG.java:1031)
	at org.testng.remote.AbstractRemoteTestNG.run(AbstractRemoteTestNG.java:114)
	at org.testng.remote.RemoteTestNG.initAndRun(RemoteTestNG.java:251)
	at org.testng.remote.RemoteTestNG.main(RemoteTestNG.java:77)
]]>
    </error>
  </testcase> <!-- test07checkLimit -->
  <testcase name="test04SelectLanguageFromDropdown" time="1.734" classname="com.qait.automation.BingTranslator.NewTest"/>
  <testcase name="test05Exchange" time="1.086" classname="com.qait.automation.BingTranslator.NewTest"/>
  <testcase name="test03AutoDetectWhenNoLanguageIsSelectedFromDropDown" time="0.107" classname="com.qait.automation.BingTranslator.NewTest"/>
  <testcase name="test06close" time="0.096" classname="com.qait.automation.BingTranslator.NewTest"/>
</testsuite> <!-- com.qait.automation.BingTranslator.NewTest -->
